c:\users\anton\onedrive\desktop\sys\pract15sys\client\x64\debug\vc143.pdb
c:\users\anton\onedrive\desktop\sys\pract15sys\client\x64\debug\vc143.idb
c:\users\anton\onedrive\desktop\sys\pract15sys\client\x64\debug\client.obj
c:\users\anton\onedrive\desktop\sys\pract15sys\x64\debug\client.exe
c:\users\anton\onedrive\desktop\sys\pract15sys\x64\debug\client.pdb
c:\users\anton\onedrive\desktop\sys\pract15sys\client\x64\debug\client.ilk
c:\users\st310-10\desktop\pract15sys\client\x64\debug\client.obj
c:\users\st310-10\desktop\pract15sys\client\x64\debug\client.ilk
c:\users\st310-10\desktop\pract15sys\client\x64\debug\vc143.idb
c:\users\st310-10\desktop\pract15sys\client\x64\debug\vc143.pdb
c:\users\st310-10\desktop\pract15sys\x64\debug\client.pdb
c:\users\st310-10\desktop\pract15sys\x64\debug\client.exe
c:\users\st310-10\desktop\pract15sys\client\x64\debug\client.tlog\cl.command.1.tlog
c:\users\st310-10\desktop\pract15sys\client\x64\debug\client.tlog\cl.items.tlog
c:\users\st310-10\desktop\pract15sys\client\x64\debug\client.tlog\cl.read.1.tlog
c:\users\st310-10\desktop\pract15sys\client\x64\debug\client.tlog\cl.write.1.tlog
c:\users\st310-10\desktop\pract15sys\client\x64\debug\client.tlog\link.command.1.tlog
c:\users\st310-10\desktop\pract15sys\client\x64\debug\client.tlog\link.read.1.tlog
c:\users\st310-10\desktop\pract15sys\client\x64\debug\client.tlog\link.secondary.1.tlog
c:\users\st310-10\desktop\pract15sys\client\x64\debug\client.tlog\link.write.1.tlog
